<?xml version="1.0" encoding="UTF-8"?>
<!-- Generated by org.testng.reporters.JUnitReportReporter -->
<testsuite hostname="DESKTOP-UP2Q5NF" failures="0" tests="4" name="automationCore.LoginTest" time="21.831" errors="0" timestamp="2025-08-25T18:28:34 IST" skipped="0">
  <testcase classname="automationCore.LoginTest" name="verifyCorrectUserInvalidPassword" time="6.293"/>
  <testcase classname="automationCore.LoginTest" name="verifyIncorrectUsenamerwithValidPassword" time="4.163"/>
  <testcase classname="automationCore.LoginTest" name="verifyUserLoginWithValidCredential" time="6.393"/>
  <testcase classname="automationCore.LoginTest" name="verifyIncorrectUserIncorrectPassword" time="4.982"/>
</testsuite> <!-- automationCore.LoginTest -->
