<?xml version="1.0" encoding="UTF-8"?>
<!-- Generated by org.testng.reporters.JUnitReportReporter -->
<testsuite hostname="DESKTOP-UP2Q5NF" failures="0" tests="1" name="automationCore.LoginTest" time="6.185" errors="0" timestamp="2025-08-21T16:50:37 IST" skipped="0">
  <testcase classname="automationCore.LoginTest" name="verifyIncorrectUserIncorrectPassword" time="6.185"/>
</testsuite> <!-- automationCore.LoginTest -->
