<?xml version="1.0" encoding="UTF-8"?>
<!-- Generated by org.testng.reporters.JUnitReportReporter -->
<testsuite hostname="DESKTOP-UP2Q5NF" failures="0" tests="1" name="seleniumBasics.TestNGAnnotations" time="0.028" errors="0" timestamp="2025-08-21T14:51:28 IST" skipped="0">
  <testcase classname="seleniumBasics.TestNGAnnotations" name="testcase" time="0.028"/>
</testsuite> <!-- seleniumBasics.TestNGAnnotations -->
