<?xml version="1.0" encoding="UTF-8"?>
<!-- Generated by org.testng.reporters.JUnitReportReporter -->
<testsuite hostname="DESKTOP-UP2Q5NF" failures="0" tests="1" name="automationCore.LoginTest" time="11.579" errors="0" timestamp="2025-08-24T11:10:40 IST" skipped="0">
  <testcase classname="automationCore.LoginTest" name="verifyUserLoginWithValidCredential" time="11.579"/>
</testsuite> <!-- automationCore.LoginTest -->
